[debug] [2020-02-19T16:05:10.051Z] ----------------------------------------------------------------------
[debug] [2020-02-19T16:05:10.055Z] Command:       /usr/local/bin/node /usr/local/bin/firebase deploy
[debug] [2020-02-19T16:05:10.055Z] CLI Version:   7.11.0
[debug] [2020-02-19T16:05:10.056Z] Platform:      darwin
[debug] [2020-02-19T16:05:10.056Z] Node Version:  v10.16.0
[debug] [2020-02-19T16:05:10.070Z] Time:          Thu Feb 20 2020 00:05:10 GMT+0800 (GMT+08:00)
[debug] [2020-02-19T16:05:10.070Z] ----------------------------------------------------------------------
[debug] [2020-02-19T16:05:10.070Z] 
[debug] [2020-02-19T16:05:10.085Z] > command requires scopes: ["email","openid","https://www.googleapis.com/auth/cloudplatformprojects.readonly","https://www.googleapis.com/auth/firebase","https://www.googleapis.com/auth/cloud-platform"]
[debug] [2020-02-19T16:05:10.085Z] > authorizing via signed-in user
[debug] [2020-02-19T16:05:10.085Z] [iam] checking project conversa-a419b for permissions ["firebase.projects.get","firebasehosting.sites.update"]
[debug] [2020-02-19T16:05:10.087Z] > refreshing access token with scopes: ["email","https://www.googleapis.com/auth/cloud-platform","https://www.googleapis.com/auth/cloudplatformprojects.readonly","https://www.googleapis.com/auth/firebase","openid"]
[debug] [2020-02-19T16:05:10.088Z] >>> HTTP REQUEST POST https://www.googleapis.com/oauth2/v3/token  
 <request body omitted>
[debug] [2020-02-19T16:05:10.360Z] <<< HTTP RESPONSE 200
[debug] [2020-02-19T16:05:10.377Z] >>> HTTP REQUEST POST https://cloudresourcemanager.googleapis.com/v1/projects/conversa-a419b:testIamPermissions  

[debug] [2020-02-19T16:05:11.440Z] <<< HTTP RESPONSE 200
[debug] [2020-02-19T16:05:11.442Z] >>> HTTP REQUEST GET https://firebase.googleapis.com/v1beta1/projects/conversa-a419b  
 
[debug] [2020-02-19T16:05:12.102Z] <<< HTTP RESPONSE 200
[info] 
[info] === Deploying to 'conversa-a419b'...
[info] 
[info] i  deploying hosting
[debug] [2020-02-19T16:05:12.110Z] >>> HTTP REQUEST POST https://firebasehosting.googleapis.com/v1beta1/sites/conversa-a419b/versions  

[debug] [2020-02-19T16:05:13.681Z] <<< HTTP RESPONSE 200
[info] i  hosting[conversa-a419b]: beginning deploy...
[info] i  hosting[conversa-a419b]: found 5 files in dist
[debug] [2020-02-19T16:05:14.263Z] [hosting] hash cache [ZGlzdA] stored for 5 files
[debug] [2020-02-19T16:05:14.263Z] [hosting][hash queue][FINAL]
[debug] [2020-02-19T16:05:14.263Z] >>> HTTP REQUEST POST https://firebasehosting.googleapis.com/v1beta1/sites/conversa-a419b/versions/fdf7d257869329d4:populateFiles  
 <request body omitted>
[debug] [2020-02-19T16:05:15.585Z] <<< HTTP RESPONSE 200
[debug] [2020-02-19T16:05:15.589Z] [hosting][populate queue][FINAL]
[debug] [2020-02-19T16:05:15.589Z] [hosting] uploads queued: 1
